@!@!@STARTMSG 2262:0 @!@!@
TLC2 Version 2.19 of 08 August 2024 (rev: 5a47802)
@!@!@ENDMSG 2262 @!@!@
@!@!@STARTMSG 2187:0 @!@!@
Running breadth-first search Model-Checking with fp 38 and seed -5258327903511398515 with 4 workers on 8 cores with 508MB heap and 1142MB offheap memory [pid: 51117] (Linux 6.2.0-39-generic amd64, AdoptOpenJDK 14.0.1 x86_64, OffHeapDiskFPSet, DiskStateQueue).
@!@!@ENDMSG 2187 @!@!@
@!@!@STARTMSG 2220:0 @!@!@
Starting SANY...
@!@!@ENDMSG 2220 @!@!@
Parsing file /home/kolobaka/verification/lab_3/squirrel_feeder.toolbox/squirrel_feeder/MC.tla
Parsing file /home/kolobaka/verification/lab_3/squirrel_feeder.toolbox/squirrel_feeder/squirrel_feeder.tla
Parsing file /home/kolobaka/Downloads/toolbox/plugins/org.lamport.tlatools_1.0.0.202408081326/tla2sany/StandardModules/TLC.tla
Parsing file /home/kolobaka/Downloads/toolbox/plugins/org.lamport.tlatools_1.0.0.202408081326/tla2sany/StandardModules/Naturals.tla
Parsing file /home/kolobaka/Downloads/toolbox/plugins/org.lamport.tlatools_1.0.0.202408081326/tla2sany/StandardModules/Sequences.tla
Parsing file /home/kolobaka/Downloads/toolbox/plugins/org.lamport.tlatools_1.0.0.202408081326/tla2sany/StandardModules/FiniteSets.tla
Semantic processing of module Naturals
Semantic processing of module Sequences
Semantic processing of module FiniteSets
Semantic processing of module TLC
Semantic processing of module squirrel_feeder
Semantic processing of module MC
@!@!@STARTMSG 2219:0 @!@!@
SANY finished.
@!@!@ENDMSG 2219 @!@!@
@!@!@STARTMSG 2185:0 @!@!@
Starting... (2025-05-22 13:17:12)
@!@!@ENDMSG 2185 @!@!@
@!@!@STARTMSG 2212:0 @!@!@
Implied-temporal checking--satisfiability problem has 2 branches.
@!@!@ENDMSG 2212 @!@!@
@!@!@STARTMSG 2189:0 @!@!@
Computing initial states...
@!@!@ENDMSG 2189 @!@!@
@!@!@STARTMSG 2190:0 @!@!@
Finished computing initial states: 1 distinct state generated at 2025-05-22 13:17:13.
@!@!@ENDMSG 2190 @!@!@
@!@!@STARTMSG 2200:0 @!@!@
Progress(129) at 2025-05-22 13:17:13: 390 states generated, 259 distinct states found, 0 states left on queue.
@!@!@ENDMSG 2200 @!@!@
@!@!@STARTMSG 2192:0 @!@!@
Checking 2 branches of temporal properties for the complete state space with 518 total distinct states at (2025-05-22 13:17:13)
@!@!@ENDMSG 2192 @!@!@
@!@!@STARTMSG 2267:0 @!@!@
Finished checking temporal properties in 00s at 2025-05-22 13:17:13
@!@!@ENDMSG 2267 @!@!@
@!@!@STARTMSG 2193:0 @!@!@
Model checking completed. No error has been found.
  Estimates of the probability that TLC did not check all reachable states
  because two distinct states had the same fingerprint:
  calculated (optimistic):  val = 1.8E-15
@!@!@ENDMSG 2193 @!@!@
@!@!@STARTMSG 2201:0 @!@!@
The coverage statistics at 2025-05-22 13:17:13
@!@!@ENDMSG 2201 @!@!@
@!@!@STARTMSG 2773:0 @!@!@
<Init line 15, col 1 to line 15, col 4 of module squirrel_feeder>: 1:1
@!@!@ENDMSG 2773 @!@!@
@!@!@STARTMSG 2221:0 @!@!@
  line 16, col 3 to line 21, col 20 of module squirrel_feeder: 1
@!@!@ENDMSG 2221 @!@!@
@!@!@STARTMSG 2772:0 @!@!@
<Next line 25, col 1 to line 25, col 4 of module squirrel_feeder (55 5 60 30)>: 258:448
@!@!@ENDMSG 2772 @!@!@
@!@!@STARTMSG 2221:0 @!@!@
  line 55, col 8 to line 55, col 44 of module squirrel_feeder: 300
@!@!@ENDMSG 2221 @!@!@
@!@!@STARTMSG 2221:0 @!@!@
  |line 55, col 26 to line 55, col 44 of module squirrel_feeder: 300
@!@!@ENDMSG 2221 @!@!@
@!@!@STARTMSG 2221:0 @!@!@
  ||line 28, col 7 to line 30, col 29 of module squirrel_feeder: 300
@!@!@ENDMSG 2221 @!@!@
@!@!@STARTMSG 2221:0 @!@!@
  |||line 28, col 10 to line 28, col 51 of module squirrel_feeder: 300
@!@!@ENDMSG 2221 @!@!@
@!@!@STARTMSG 2221:0 @!@!@
  ||||line 28, col 10 to line 28, col 25 of module squirrel_feeder: 300
@!@!@ENDMSG 2221 @!@!@
@!@!@STARTMSG 2221:0 @!@!@
  ||||line 28, col 31 to line 28, col 50 of module squirrel_feeder: 145
@!@!@ENDMSG 2221 @!@!@
@!@!@STARTMSG 2221:0 @!@!@
  |||line 29, col 12 to line 30, col 29 of module squirrel_feeder: 145
@!@!@ENDMSG 2221 @!@!@
@!@!@STARTMSG 2221:0 @!@!@
  line 56, col 8 to line 56, col 50 of module squirrel_feeder: 448
@!@!@ENDMSG 2221 @!@!@
@!@!@STARTMSG 2221:0 @!@!@
  |line 56, col 30 to line 56, col 50 of module squirrel_feeder: 300
@!@!@ENDMSG 2221 @!@!@
@!@!@STARTMSG 2221:0 @!@!@
  ||line 33, col 7 to line 35, col 24 of module squirrel_feeder: 300
@!@!@ENDMSG 2221 @!@!@
@!@!@STARTMSG 2221:0 @!@!@
  |||line 33, col 10 to line 33, col 16 of module squirrel_feeder: 300
@!@!@ENDMSG 2221 @!@!@
@!@!@STARTMSG 2775:0 @!@!@
  |||line 33, col 23 to line 33, col 29 of module squirrel_feeder: 151:302
@!@!@ENDMSG 2775 @!@!@
@!@!@STARTMSG 2221:0 @!@!@
  |||line 34, col 12 to line 35, col 24 of module squirrel_feeder: 149
@!@!@ENDMSG 2221 @!@!@
@!@!@STARTMSG 2221:0 @!@!@
  ||||line 34, col 15 to line 34, col 39 of module squirrel_feeder: 149
@!@!@ENDMSG 2221 @!@!@
@!@!@STARTMSG 2221:0 @!@!@
  |||||line 34, col 15 to line 34, col 33 of module squirrel_feeder: 149
@!@!@ENDMSG 2221 @!@!@
@!@!@STARTMSG 2221:0 @!@!@
  ||||||line 28, col 7 to line 30, col 29 of module squirrel_feeder: 149
@!@!@ENDMSG 2221 @!@!@
@!@!@STARTMSG 2221:0 @!@!@
  |||||||line 28, col 10 to line 28, col 51 of module squirrel_feeder: 149
@!@!@ENDMSG 2221 @!@!@
@!@!@STARTMSG 2221:0 @!@!@
  ||||||||line 28, col 10 to line 28, col 25 of module squirrel_feeder: 149
@!@!@ENDMSG 2221 @!@!@
@!@!@STARTMSG 2221:0 @!@!@
  ||||||||line 28, col 31 to line 28, col 50 of module squirrel_feeder: 145
@!@!@ENDMSG 2221 @!@!@
@!@!@STARTMSG 2221:0 @!@!@
  |||||||line 29, col 12 to line 30, col 29 of module squirrel_feeder: 145
@!@!@ENDMSG 2221 @!@!@
@!@!@STARTMSG 2775:0 @!@!@
  ||||line 34, col 46 to line 34, col 51 of module squirrel_feeder: 1:2
@!@!@ENDMSG 2775 @!@!@
@!@!@STARTMSG 2775:0 @!@!@
  ||||line 35, col 12 to line 35, col 24 of module squirrel_feeder: 148:444
@!@!@ENDMSG 2775 @!@!@
@!@!@STARTMSG 2221:0 @!@!@
  line 57, col 8 to line 57, col 36 of module squirrel_feeder: 448
@!@!@ENDMSG 2221 @!@!@
@!@!@STARTMSG 2221:0 @!@!@
  |line 57, col 22 to line 57, col 36 of module squirrel_feeder: 448
@!@!@ENDMSG 2221 @!@!@
@!@!@STARTMSG 2221:0 @!@!@
  ||line 48, col 7 to line 49, col 16 of module squirrel_feeder: 448
@!@!@ENDMSG 2221 @!@!@
@!@!@STARTMSG 2221:0 @!@!@
  |||line 48, col 10 to line 48, col 43 of module squirrel_feeder: 448
@!@!@ENDMSG 2221 @!@!@
@!@!@STARTMSG 2221:0 @!@!@
  ||||line 48, col 10 to line 48, col 30 of module squirrel_feeder: 448
@!@!@ENDMSG 2221 @!@!@
@!@!@STARTMSG 2221:0 @!@!@
  |||||line 38, col 7 to line 41, col 27 of module squirrel_feeder: 448
@!@!@ENDMSG 2221 @!@!@
@!@!@STARTMSG 2221:0 @!@!@
  ||||||line 38, col 10 to line 38, col 55 of module squirrel_feeder: 448
@!@!@ENDMSG 2221 @!@!@
@!@!@STARTMSG 2221:0 @!@!@
  |||||||line 38, col 10 to line 38, col 34 of module squirrel_feeder: 448
@!@!@ENDMSG 2221 @!@!@
@!@!@STARTMSG 2221:0 @!@!@
  |||||||line 38, col 39 to line 38, col 55 of module squirrel_feeder: 287
@!@!@ENDMSG 2221 @!@!@
@!@!@STARTMSG 2221:0 @!@!@
  ||||||line 39, col 12 to line 41, col 27 of module squirrel_feeder: 304
@!@!@ENDMSG 2221 @!@!@
@!@!@STARTMSG 2221:0 @!@!@
  |||||||line 39, col 15 to line 39, col 43 of module squirrel_feeder: 304
@!@!@ENDMSG 2221 @!@!@
@!@!@STARTMSG 2221:0 @!@!@
  |||||||line 40, col 12 to line 41, col 27 of module squirrel_feeder: 153
@!@!@ENDMSG 2221 @!@!@
@!@!@STARTMSG 2221:0 @!@!@
  ||||||||line 40, col 15 to line 40, col 67 of module squirrel_feeder: 153
@!@!@ENDMSG 2221 @!@!@
@!@!@STARTMSG 2221:0 @!@!@
  |||||||||line 40, col 15 to line 40, col 45 of module squirrel_feeder: 153
@!@!@ENDMSG 2221 @!@!@
@!@!@STARTMSG 2221:0 @!@!@
  |||||||||line 40, col 50 to line 40, col 67 of module squirrel_feeder: 10
@!@!@ENDMSG 2221 @!@!@
@!@!@STARTMSG 2221:0 @!@!@
  ||||||||line 41, col 12 to line 41, col 27 of module squirrel_feeder: 148
@!@!@ENDMSG 2221 @!@!@
@!@!@STARTMSG 2221:0 @!@!@
  line 58, col 8 to line 58, col 40 of module squirrel_feeder: 448
@!@!@ENDMSG 2221 @!@!@
@!@!@STARTMSG 2221:0 @!@!@
  |line 58, col 24 to line 58, col 40 of module squirrel_feeder: 448
@!@!@ENDMSG 2221 @!@!@
@!@!@STARTMSG 2221:0 @!@!@
  ||line 52, col 7 to line 53, col 16 of module squirrel_feeder: 448
@!@!@ENDMSG 2221 @!@!@
@!@!@STARTMSG 2221:0 @!@!@
  |||line 52, col 10 to line 52, col 16 of module squirrel_feeder: 448
@!@!@ENDMSG 2221 @!@!@
@!@!@STARTMSG 2221:0 @!@!@
  |||line 52, col 23 to line 52, col 26 of module squirrel_feeder: 151
@!@!@ENDMSG 2221 @!@!@
@!@!@STARTMSG 2221:0 @!@!@
  |||line 53, col 12 to line 53, col 16 of module squirrel_feeder: 297
@!@!@ENDMSG 2221 @!@!@
@!@!@STARTMSG 2221:0 @!@!@
  line 59, col 8 to line 59, col 48 of module squirrel_feeder: 448
@!@!@ENDMSG 2221 @!@!@
@!@!@STARTMSG 2221:0 @!@!@
  |line 59, col 28 to line 59, col 48 of module squirrel_feeder: 448
@!@!@ENDMSG 2221 @!@!@
@!@!@STARTMSG 2221:0 @!@!@
  ||line 38, col 7 to line 41, col 27 of module squirrel_feeder: 448
@!@!@ENDMSG 2221 @!@!@
@!@!@STARTMSG 2221:0 @!@!@
  |||line 38, col 10 to line 38, col 55 of module squirrel_feeder: 448
@!@!@ENDMSG 2221 @!@!@
@!@!@STARTMSG 2221:0 @!@!@
  ||||line 38, col 10 to line 38, col 34 of module squirrel_feeder: 448
@!@!@ENDMSG 2221 @!@!@
@!@!@STARTMSG 2221:0 @!@!@
  ||||line 38, col 39 to line 38, col 55 of module squirrel_feeder: 287
@!@!@ENDMSG 2221 @!@!@
@!@!@STARTMSG 2221:0 @!@!@
  |||line 39, col 12 to line 41, col 27 of module squirrel_feeder: 304
@!@!@ENDMSG 2221 @!@!@
@!@!@STARTMSG 2221:0 @!@!@
  ||||line 39, col 15 to line 39, col 43 of module squirrel_feeder: 304
@!@!@ENDMSG 2221 @!@!@
@!@!@STARTMSG 2221:0 @!@!@
  ||||line 40, col 12 to line 41, col 27 of module squirrel_feeder: 153
@!@!@ENDMSG 2221 @!@!@
@!@!@STARTMSG 2221:0 @!@!@
  |||||line 40, col 15 to line 40, col 67 of module squirrel_feeder: 153
@!@!@ENDMSG 2221 @!@!@
@!@!@STARTMSG 2221:0 @!@!@
  ||||||line 40, col 15 to line 40, col 45 of module squirrel_feeder: 153
@!@!@ENDMSG 2221 @!@!@
@!@!@STARTMSG 2221:0 @!@!@
  ||||||line 40, col 50 to line 40, col 67 of module squirrel_feeder: 10
@!@!@ENDMSG 2221 @!@!@
@!@!@STARTMSG 2221:0 @!@!@
  |||||line 41, col 12 to line 41, col 27 of module squirrel_feeder: 148
@!@!@ENDMSG 2221 @!@!@
@!@!@STARTMSG 2221:0 @!@!@
  line 60, col 8 to line 60, col 30 of module squirrel_feeder: 448
@!@!@ENDMSG 2221 @!@!@
@!@!@STARTMSG 2221:0 @!@!@
  |line 60, col 19 to line 60, col 30 of module squirrel_feeder: 448
@!@!@ENDMSG 2221 @!@!@
@!@!@STARTMSG 2221:0 @!@!@
  ||line 44, col 7 to line 45, col 16 of module squirrel_feeder: 448
@!@!@ENDMSG 2221 @!@!@
@!@!@STARTMSG 2221:0 @!@!@
  |||line 44, col 10 to line 44, col 39 of module squirrel_feeder: 448
@!@!@ENDMSG 2221 @!@!@
@!@!@STARTMSG 2221:0 @!@!@
  |||line 44, col 46 to line 44, col 49 of module squirrel_feeder: 144
@!@!@ENDMSG 2221 @!@!@
@!@!@STARTMSG 2221:0 @!@!@
  |||line 45, col 12 to line 45, col 16 of module squirrel_feeder: 304
@!@!@ENDMSG 2221 @!@!@
@!@!@STARTMSG 2774:0 @!@!@
<TypeInvariant line 64, col 1 to line 64, col 13 of module squirrel_feeder>
@!@!@ENDMSG 2774 @!@!@
@!@!@STARTMSG 2221:0 @!@!@
  line 65, col 3 to line 69, col 30 of module squirrel_feeder: 259
@!@!@ENDMSG 2221 @!@!@
@!@!@STARTMSG 2202:0 @!@!@
End of statistics.
@!@!@ENDMSG 2202 @!@!@
@!@!@STARTMSG 2200:0 @!@!@
Progress(129) at 2025-05-22 13:17:13: 390 states generated (14,426 s/min), 259 distinct states found (9,580 ds/min), 0 states left on queue.
@!@!@ENDMSG 2200 @!@!@
@!@!@STARTMSG 2199:0 @!@!@
390 states generated, 259 distinct states found, 0 states left on queue.
@!@!@ENDMSG 2199 @!@!@
@!@!@STARTMSG 2194:0 @!@!@
The depth of the complete state graph search is 129.
@!@!@ENDMSG 2194 @!@!@
@!@!@STARTMSG 2268:0 @!@!@
The average outdegree of the complete state graph is 1 (minimum is 0, the maximum 2 and the 95th percentile is 2).
@!@!@ENDMSG 2268 @!@!@
@!@!@STARTMSG 2186:0 @!@!@
Finished in 1634ms at (2025-05-22 13:17:13)
@!@!@ENDMSG 2186 @!@!@
